<?xml version="1.0" encoding="UTF-8"?>
<testng-results skipped="0" failed="0" ignored="0" total="1" passed="1">
  <reporter-output>
  </reporter-output>
  <suite name="Default suite" duration-ms="26879" started-at="2019-05-01T07:23:20Z" finished-at="2019-05-01T07:23:47Z">
    <groups>
    </groups>
    <test name="Default test" duration-ms="26879" started-at="2019-05-01T07:23:20Z" finished-at="2019-05-01T07:23:47Z">
      <class name="ApiExecutions.Beta_MobileResponsiveApi">
        <test-method status="PASS" signature="setBaseUri()[pri:0, instance:ApiExecutions.Beta_MobileResponsiveApi@68c4039c]" name="setBaseUri" is-config="true" duration-ms="369" started-at="2019-05-01T12:53:20Z" finished-at="2019-05-01T12:53:20Z">
          <reporter-output>
          </reporter-output>
        </test-method> <!-- setBaseUri -->
        <test-method status="PASS" signature="Verify_Beta_MobileResponsiveApi()[pri:0, instance:ApiExecutions.Beta_MobileResponsiveApi@68c4039c]" name="Verify_Beta_MobileResponsiveApi" duration-ms="26495" started-at="2019-05-01T12:53:20Z" finished-at="2019-05-01T12:53:47Z">
          <reporter-output>
          </reporter-output>
        </test-method> <!-- Verify_Beta_MobileResponsiveApi -->
        <test-method status="PASS" signature="Quit()[pri:0, instance:ApiExecutions.Beta_MobileResponsiveApi@68c4039c]" name="Quit" is-config="true" duration-ms="1" started-at="2019-05-01T12:53:47Z" finished-at="2019-05-01T12:53:47Z">
          <reporter-output>
          </reporter-output>
        </test-method> <!-- Quit -->
      </class> <!-- ApiExecutions.Beta_MobileResponsiveApi -->
    </test> <!-- Default test -->
  </suite> <!-- Default suite -->
</testng-results>
